<?xml version="1.0" encoding="UTF-8" ?>
<testsuite failures="0" time="0.459" errors="4" skipped="0" tests="5" name="org.databene.benerator.engine.TranscodingIntegrationTest">
  <properties>
    <property name="java.runtime.name" value="Java(TM) SE Runtime Environment"/>
    <property name="sun.boot.library.path" value="/System/Library/Java/JavaVirtualMachines/1.6.0.jdk/Contents/Libraries"/>
    <property name="java.vm.version" value="20.8-b03-424"/>
    <property name="awt.nativeDoubleBuffering" value="true"/>
    <property name="gopherProxySet" value="false"/>
    <property name="mrj.build" value="11M3720"/>
    <property name="java.vm.vendor" value="Apple Inc."/>
    <property name="java.vendor.url" value="http://www.apple.com/"/>
    <property name="path.separator" value=":"/>
    <property name="java.vm.name" value="Java HotSpot(TM) 64-Bit Server VM"/>
    <property name="file.encoding.pkg" value="sun.io"/>
    <property name="user.country" value="US"/>
    <property name="sun.java.launcher" value="SUN_STANDARD"/>
    <property name="sun.os.patch.level" value="unknown"/>
    <property name="java.vm.specification.name" value="Java Virtual Machine Specification"/>
    <property name="user.dir" value="/Users/rishu.mehrotra/Desktop/Benerator/release-0.7.6"/>
    <property name="java.runtime.version" value="1.6.0_33-b03-424-11M3720"/>
    <property name="java.awt.graphicsenv" value="apple.awt.CGraphicsEnvironment"/>
    <property name="basedir" value="/Users/rishu.mehrotra/Desktop/Benerator/release-0.7.6"/>
    <property name="java.endorsed.dirs" value="/System/Library/Java/JavaVirtualMachines/1.6.0.jdk/Contents/Home/lib/endorsed"/>
    <property name="os.arch" value="x86_64"/>
    <property name="surefire.real.class.path" value="/Users/rishu.mehrotra/Desktop/Benerator/release-0.7.6/target/surefire/surefirebooter567500039399751238.jar"/>
    <property name="java.io.tmpdir" value="/var/folders/p0/p1249x995533tnr1_y32j0p8r2r48j/T/"/>
    <property name="line.separator" value="
"/>
    <property name="java.vm.specification.vendor" value="Sun Microsystems Inc."/>
    <property name="os.name" value="Mac OS X"/>
    <property name="sun.jnu.encoding" value="MacRoman"/>
    <property name="java.library.path" value=".:/Library/Java/Extensions:/System/Library/Java/Extensions:/usr/lib/java"/>
    <property name="surefire.test.class.path" value="/Users/rishu.mehrotra/Desktop/Benerator/release-0.7.6/target/test-classes:/Users/rishu.mehrotra/Desktop/Benerator/release-0.7.6/target/classes:/Users/rishu.mehrotra/.m2/repository/org/databene/jdbacl/0.8.1/jdbacl-0.8.1.jar:/Users/rishu.mehrotra/.m2/repository/org/databene/databene-script/0.7.6/databene-script-0.7.6.jar:/Users/rishu.mehrotra/.m2/repository/org/databene/databene-webdecs/0.6.7/databene-webdecs-0.6.7.jar:/Users/rishu.mehrotra/.m2/repository/org/apache/poi/poi/3.7/poi-3.7.jar:/Users/rishu.mehrotra/.m2/repository/org/databene/databene-commons/0.5.15/databene-commons-0.5.15.jar:/Users/rishu.mehrotra/.m2/repository/javax/validation/validation-api/1.0.0.GA/validation-api-1.0.0.GA.jar:/Users/rishu.mehrotra/.m2/repository/org/slf4j/slf4j-api/1.5.8/slf4j-api-1.5.8.jar:/Users/rishu.mehrotra/.m2/repository/xerces/xercesImpl/2.9.1/xercesImpl-2.9.1.jar:/Users/rishu.mehrotra/.m2/repository/xml-apis/xml-apis/1.3.04/xml-apis-1.3.04.jar:/Users/rishu.mehrotra/.m2/repository/org/databene/contiperf/2.1.0/contiperf-2.1.0.jar:/Users/rishu.mehrotra/.m2/repository/junit/junit/4.9/junit-4.9.jar:/Users/rishu.mehrotra/.m2/repository/org/hamcrest/hamcrest-core/1.1/hamcrest-core-1.1.jar:/Users/rishu.mehrotra/.m2/repository/net/sourceforge/jtds/jtds/1.2/jtds-1.2.jar:/Users/rishu.mehrotra/.m2/repository/mysql/mysql-connector-java/5.1.12/mysql-connector-java-5.1.12.jar:/Users/rishu.mehrotra/.m2/repository/hsqldb/hsqldb/1.8.0.7/hsqldb-1.8.0.7.jar:/Users/rishu.mehrotra/.m2/repository/com/h2database/h2/1.2.136/h2-1.2.136.jar:/Users/rishu.mehrotra/.m2/repository/org/apache/derby/derbyclient/10.6.1.0/derbyclient-10.6.1.0.jar:/Users/rishu.mehrotra/.m2/repository/postgresql/postgresql/8.4-701.jdbc4/postgresql-8.4-701.jdbc4.jar:/Users/rishu.mehrotra/.m2/repository/net/sf/squirrel-sql/thirdparty-non-maven/jaybird/2.1.6/jaybird-2.1.6.jar:/Users/rishu.mehrotra/.m2/repository/javax/resource/connector-api/1.5/connector-api-1.5.jar:/Users/rishu.mehrotra/.m2/repository/org/antlr/antlr-runtime/3.3/antlr-runtime-3.3.jar:/Users/rishu.mehrotra/.m2/repository/org/antlr/stringtemplate/3.2.1/stringtemplate-3.2.1.jar:/Users/rishu.mehrotra/.m2/repository/antlr/antlr/2.7.7/antlr-2.7.7.jar:/Users/rishu.mehrotra/.m2/repository/org/freemarker/freemarker/2.3.9/freemarker-2.3.9.jar:/Users/rishu.mehrotra/.m2/repository/org/slf4j/slf4j-log4j12/1.5.8/slf4j-log4j12-1.5.8.jar:/Users/rishu.mehrotra/.m2/repository/log4j/log4j/1.2.14/log4j-1.2.14.jar:"/>
    <property name="java.specification.name" value="Java Platform API Specification"/>
    <property name="java.class.version" value="50.0"/>
    <property name="sun.management.compiler" value="HotSpot 64-Bit Tiered Compilers"/>
    <property name="os.version" value="10.8"/>
    <property name="http.nonProxyHosts" value="local|*.local|169.254/16|*.169.254/16"/>
    <property name="user.home" value="/Users/rishu.mehrotra"/>
    <property name="user.timezone" value="GMT+05:30"/>
    <property name="java.awt.printerjob" value="apple.awt.CPrinterJob"/>
    <property name="java.specification.version" value="1.6"/>
    <property name="file.encoding" value="MacRoman"/>
    <property name="user.name" value="rishu.mehrotra"/>
    <property name="java.class.path" value="/Users/rishu.mehrotra/Desktop/Benerator/release-0.7.6/target/test-classes:/Users/rishu.mehrotra/Desktop/Benerator/release-0.7.6/target/classes:/Users/rishu.mehrotra/.m2/repository/org/databene/jdbacl/0.8.1/jdbacl-0.8.1.jar:/Users/rishu.mehrotra/.m2/repository/org/databene/databene-script/0.7.6/databene-script-0.7.6.jar:/Users/rishu.mehrotra/.m2/repository/org/databene/databene-webdecs/0.6.7/databene-webdecs-0.6.7.jar:/Users/rishu.mehrotra/.m2/repository/org/apache/poi/poi/3.7/poi-3.7.jar:/Users/rishu.mehrotra/.m2/repository/org/databene/databene-commons/0.5.15/databene-commons-0.5.15.jar:/Users/rishu.mehrotra/.m2/repository/javax/validation/validation-api/1.0.0.GA/validation-api-1.0.0.GA.jar:/Users/rishu.mehrotra/.m2/repository/org/slf4j/slf4j-api/1.5.8/slf4j-api-1.5.8.jar:/Users/rishu.mehrotra/.m2/repository/xerces/xercesImpl/2.9.1/xercesImpl-2.9.1.jar:/Users/rishu.mehrotra/.m2/repository/xml-apis/xml-apis/1.3.04/xml-apis-1.3.04.jar:/Users/rishu.mehrotra/.m2/repository/org/databene/contiperf/2.1.0/contiperf-2.1.0.jar:/Users/rishu.mehrotra/.m2/repository/junit/junit/4.9/junit-4.9.jar:/Users/rishu.mehrotra/.m2/repository/org/hamcrest/hamcrest-core/1.1/hamcrest-core-1.1.jar:/Users/rishu.mehrotra/.m2/repository/net/sourceforge/jtds/jtds/1.2/jtds-1.2.jar:/Users/rishu.mehrotra/.m2/repository/mysql/mysql-connector-java/5.1.12/mysql-connector-java-5.1.12.jar:/Users/rishu.mehrotra/.m2/repository/hsqldb/hsqldb/1.8.0.7/hsqldb-1.8.0.7.jar:/Users/rishu.mehrotra/.m2/repository/com/h2database/h2/1.2.136/h2-1.2.136.jar:/Users/rishu.mehrotra/.m2/repository/org/apache/derby/derbyclient/10.6.1.0/derbyclient-10.6.1.0.jar:/Users/rishu.mehrotra/.m2/repository/postgresql/postgresql/8.4-701.jdbc4/postgresql-8.4-701.jdbc4.jar:/Users/rishu.mehrotra/.m2/repository/net/sf/squirrel-sql/thirdparty-non-maven/jaybird/2.1.6/jaybird-2.1.6.jar:/Users/rishu.mehrotra/.m2/repository/javax/resource/connector-api/1.5/connector-api-1.5.jar:/Users/rishu.mehrotra/.m2/repository/org/antlr/antlr-runtime/3.3/antlr-runtime-3.3.jar:/Users/rishu.mehrotra/.m2/repository/org/antlr/stringtemplate/3.2.1/stringtemplate-3.2.1.jar:/Users/rishu.mehrotra/.m2/repository/antlr/antlr/2.7.7/antlr-2.7.7.jar:/Users/rishu.mehrotra/.m2/repository/org/freemarker/freemarker/2.3.9/freemarker-2.3.9.jar:/Users/rishu.mehrotra/.m2/repository/org/slf4j/slf4j-log4j12/1.5.8/slf4j-log4j12-1.5.8.jar:/Users/rishu.mehrotra/.m2/repository/log4j/log4j/1.2.14/log4j-1.2.14.jar:"/>
    <property name="java.vm.specification.version" value="1.0"/>
    <property name="sun.arch.data.model" value="64"/>
    <property name="java.home" value="/System/Library/Java/JavaVirtualMachines/1.6.0.jdk/Contents/Home"/>
    <property name="sun.java.command" value="/Users/rishu.mehrotra/Desktop/Benerator/release-0.7.6/target/surefire/surefirebooter567500039399751238.jar /Users/rishu.mehrotra/Desktop/Benerator/release-0.7.6/target/surefire/surefire1860867658504901225tmp /Users/rishu.mehrotra/Desktop/Benerator/release-0.7.6/target/surefire/surefire7101069405831422941tmp"/>
    <property name="java.specification.vendor" value="Sun Microsystems Inc."/>
    <property name="user.language" value="en"/>
    <property name="awt.toolkit" value="apple.awt.CToolkit"/>
    <property name="java.vm.info" value="mixed mode"/>
    <property name="java.version" value="1.6.0_33"/>
    <property name="benerator.validate" value="false"/>
    <property name="java.ext.dirs" value="/Library/Java/Extensions:/System/Library/Java/Extensions:/System/Library/Java/JavaVirtualMachines/1.6.0.jdk/Contents/Home/lib/ext"/>
    <property name="sun.boot.class.path" value="/System/Library/Java/JavaVirtualMachines/1.6.0.jdk/Contents/Classes/jsfd.jar:/System/Library/Java/JavaVirtualMachines/1.6.0.jdk/Contents/Classes/classes.jar:/System/Library/Frameworks/JavaVM.framework/Frameworks/JavaRuntimeSupport.framework/Resources/Java/JavaRuntimeSupport.jar:/System/Library/Java/JavaVirtualMachines/1.6.0.jdk/Contents/Classes/ui.jar:/System/Library/Java/JavaVirtualMachines/1.6.0.jdk/Contents/Classes/laf.jar:/System/Library/Java/JavaVirtualMachines/1.6.0.jdk/Contents/Classes/sunrsasign.jar:/System/Library/Java/JavaVirtualMachines/1.6.0.jdk/Contents/Classes/jsse.jar:/System/Library/Java/JavaVirtualMachines/1.6.0.jdk/Contents/Classes/jce.jar:/System/Library/Java/JavaVirtualMachines/1.6.0.jdk/Contents/Classes/charsets.jar"/>
    <property name="java.vendor" value="Apple Inc."/>
    <property name="jndi.properties" value=""/>
    <property name="localRepository" value="/Users/rishu.mehrotra/.m2/repository"/>
    <property name="file.separator" value="/"/>
    <property name="java.vendor.url.bug" value="http://bugreport.apple.com/"/>
    <property name="sun.cpu.endian" value="little"/>
    <property name="sun.io.unicode.encoding" value="UnicodeLittle"/>
    <property name="cell.separator" value=","/>
    <property name="mrj.version" value="1070.1.6.0_33-424"/>
    <property name="socksNonProxyHosts" value="local|*.local|169.254/16|*.169.254/16"/>
    <property name="ftp.nonProxyHosts" value="local|*.local|169.254/16|*.169.254/16"/>
    <property name="sun.cpu.isalist" value=""/>
  </properties>
  <testcase time="0.142" classname="org.databene.benerator.engine.TranscodingIntegrationTest" name="testEmptyTarget">
    <error type="java.lang.NullPointerException">java.lang.NullPointerException
	at org.databene.commons.FileUtil.getFileIgnoreCase(FileUtil.java:281)
	at org.databene.jdbacl.model.cache.CachingDBImporter.getCacheFile(CachingDBImporter.java:100)
	at org.databene.jdbacl.model.cache.CachingDBImporter.updateCacheFile(CachingDBImporter.java:131)
	at org.databene.platform.db.DBSystem.close(DBSystem.java:382)
	at org.databene.commons.IOUtil.close(IOUtil.java:72)
	at org.databene.benerator.engine.ResourceManagerSupport.close(ResourceManagerSupport.java:65)
	at org.databene.benerator.engine.DescriptorRunner.execute(DescriptorRunner.java:140)
	at org.databene.benerator.engine.DescriptorRunner.runWithoutShutdownHook(DescriptorRunner.java:116)
	at org.databene.benerator.engine.DescriptorRunner.run(DescriptorRunner.java:109)
	at org.databene.benerator.engine.TranscodingIntegrationTest.testEmptyTarget(TranscodingIntegrationTest.java:76)
	at sun.reflect.NativeMethodAccessorImpl.invoke0(Native Method)
	at sun.reflect.NativeMethodAccessorImpl.invoke(NativeMethodAccessorImpl.java:39)
	at sun.reflect.DelegatingMethodAccessorImpl.invoke(DelegatingMethodAccessorImpl.java:25)
	at java.lang.reflect.Method.invoke(Method.java:597)
	at org.junit.runners.model.FrameworkMethod$1.runReflectiveCall(FrameworkMethod.java:44)
	at org.junit.internal.runners.model.ReflectiveCallable.run(ReflectiveCallable.java:15)
	at org.junit.runners.model.FrameworkMethod.invokeExplosively(FrameworkMethod.java:41)
	at org.junit.internal.runners.statements.InvokeMethod.evaluate(InvokeMethod.java:20)
	at org.junit.internal.runners.statements.RunBefores.evaluate(RunBefores.java:28)
	at org.junit.internal.runners.statements.RunAfters.evaluate(RunAfters.java:31)
	at org.junit.runners.ParentRunner.runLeaf(ParentRunner.java:263)
	at org.junit.runners.BlockJUnit4ClassRunner.runChild(BlockJUnit4ClassRunner.java:69)
	at org.junit.runners.BlockJUnit4ClassRunner.runChild(BlockJUnit4ClassRunner.java:48)
	at org.junit.runners.ParentRunner$3.run(ParentRunner.java:231)
	at org.junit.runners.ParentRunner$1.schedule(ParentRunner.java:60)
	at org.junit.runners.ParentRunner.runChildren(ParentRunner.java:229)
	at org.junit.runners.ParentRunner.access$000(ParentRunner.java:50)
	at org.junit.runners.ParentRunner$2.evaluate(ParentRunner.java:222)
	at org.junit.runners.ParentRunner.run(ParentRunner.java:292)
	at org.apache.maven.surefire.junit4.JUnit4TestSet.execute(JUnit4TestSet.java:35)
	at org.apache.maven.surefire.junit4.JUnit4Provider.executeTestSet(JUnit4Provider.java:115)
	at org.apache.maven.surefire.junit4.JUnit4Provider.invoke(JUnit4Provider.java:97)
	at sun.reflect.NativeMethodAccessorImpl.invoke0(Native Method)
	at sun.reflect.NativeMethodAccessorImpl.invoke(NativeMethodAccessorImpl.java:39)
	at sun.reflect.DelegatingMethodAccessorImpl.invoke(DelegatingMethodAccessorImpl.java:25)
	at java.lang.reflect.Method.invoke(Method.java:597)
	at org.apache.maven.surefire.booter.ProviderFactory$ClassLoaderProxy.invoke(ProviderFactory.java:103)
	at $Proxy0.invoke(Unknown Source)
	at org.apache.maven.surefire.booter.SurefireStarter.invokeProvider(SurefireStarter.java:150)
	at org.apache.maven.surefire.booter.SurefireStarter.runSuitesInProcess(SurefireStarter.java:91)
	at org.apache.maven.surefire.booter.ForkedBooter.main(ForkedBooter.java:69)
</error>
    <system-out>@SLTests run: 1, Failures: 0, Errors: 0, Skipped: 0, Time elapsed: 0.006 sec
@SLRunning org.databene.benerator.engine.TranscodingIntegrationTest
14:28:03,920 INFO  [EvaluateStatement] Executing script src/test/resources/org/databene/benerator/engine/transcode/createTables.sql
14:28:03,927 INFO  [JDBC] Connected to HSQL Database Engine 1.8.0
14:28:03,927 INFO  [JDBC] Using driver HSQL Database Engine Driver 1.8.0
14:28:03,927 INFO  [JDBC] JDBC version 3.0
14:28:03,930 INFO  [EvaluateStatement] Executing script src/test/resources/org/databene/benerator/engine/transcode/createTables.sql
14:28:03,936 INFO  [JDBC] Connected to HSQL Database Engine 1.8.0
14:28:03,936 INFO  [JDBC] Using driver HSQL Database Engine Driver 1.8.0
14:28:03,936 INFO  [JDBC] JDBC version 3.0
14:28:03,942 INFO  [EvaluateStatement] Executing inline script
14:28:03,951 INFO  [JDBCDBImporter] Importing tables from ___temp
14:28:03,954 WARN  [JDBCDBImporter] Table name is a reserved word: USER
14:28:03,959 INFO  [DBSystem] Fetching table details and ordering tables by dependency
14:28:03,978 INFO  [JDBCDBImporter] Importing tables from ___temp
14:28:03,979 WARN  [JDBCDBImporter] Table name is a reserved word: USER
14:28:03,980 INFO  [DBSystem] Fetching table details and ordering tables by dependency
14:28:04,005 INFO  [TranscodeStatement] Starting transcoding of country from s to t
14:28:04,012 INFO  [TranscodeStatement] Finished transcoding 2 rows of table country
14:28:04,012 INFO  [TranscodeStatement] Starting transcoding of state from s to t
14:28:04,034 INFO  [TranscodeStatement] Finished transcoding 4 rows of table state
14:28:04,035 INFO  [PagedTaskRunner] Running task GenerateAndConsumeTask(COUNTRY) 
COUNTRY[ID=1, NAME=United States]
COUNTRY[ID=2, NAME=Germany]
14:28:04,037 INFO  [TimedGeneratorStatement] Created 2 data sets from &apos;country&apos; setup in 3 ms (666/s)
14:28:04,039 INFO  [PagedTaskRunner] Running task GenerateAndConsumeTask(STATE) 
STATE[ID=3, COUNTRY_FK=1, NAME=California]
STATE[ID=4, COUNTRY_FK=1, NAME=Florida]
STATE[ID=5, COUNTRY_FK=2, NAME=Bayern]
STATE[ID=6, COUNTRY_FK=2, NAME=Hamburg]
14:28:04,042 INFO  [TimedGeneratorStatement] Created 4 data sets from &apos;state&apos; setup in 5 ms (800/s)
</system-out>
  </testcase>
  <testcase time="0.074" classname="org.databene.benerator.engine.TranscodingIntegrationTest" name="testTargetWithCountries"/>
  <testcase time="0.063" classname="org.databene.benerator.engine.TranscodingIntegrationTest" name="testPartialTranscode">
    <error type="java.lang.NullPointerException">java.lang.NullPointerException
	at org.databene.commons.FileUtil.getFileIgnoreCase(FileUtil.java:281)
	at org.databene.jdbacl.model.cache.CachingDBImporter.getCacheFile(CachingDBImporter.java:100)
	at org.databene.jdbacl.model.cache.CachingDBImporter.updateCacheFile(CachingDBImporter.java:131)
	at org.databene.platform.db.DBSystem.close(DBSystem.java:382)
	at org.databene.commons.IOUtil.close(IOUtil.java:72)
	at org.databene.benerator.engine.ResourceManagerSupport.close(ResourceManagerSupport.java:65)
	at org.databene.benerator.engine.DescriptorRunner.execute(DescriptorRunner.java:140)
	at org.databene.benerator.engine.DescriptorRunner.runWithoutShutdownHook(DescriptorRunner.java:116)
	at org.databene.benerator.engine.DescriptorRunner.run(DescriptorRunner.java:109)
	at org.databene.benerator.engine.TranscodingIntegrationTest.testPartialTranscode(TranscodingIntegrationTest.java:125)
	at sun.reflect.NativeMethodAccessorImpl.invoke0(Native Method)
	at sun.reflect.NativeMethodAccessorImpl.invoke(NativeMethodAccessorImpl.java:39)
	at sun.reflect.DelegatingMethodAccessorImpl.invoke(DelegatingMethodAccessorImpl.java:25)
	at java.lang.reflect.Method.invoke(Method.java:597)
	at org.junit.runners.model.FrameworkMethod$1.runReflectiveCall(FrameworkMethod.java:44)
	at org.junit.internal.runners.model.ReflectiveCallable.run(ReflectiveCallable.java:15)
	at org.junit.runners.model.FrameworkMethod.invokeExplosively(FrameworkMethod.java:41)
	at org.junit.internal.runners.statements.InvokeMethod.evaluate(InvokeMethod.java:20)
	at org.junit.internal.runners.statements.RunBefores.evaluate(RunBefores.java:28)
	at org.junit.internal.runners.statements.RunAfters.evaluate(RunAfters.java:31)
	at org.junit.runners.ParentRunner.runLeaf(ParentRunner.java:263)
	at org.junit.runners.BlockJUnit4ClassRunner.runChild(BlockJUnit4ClassRunner.java:69)
	at org.junit.runners.BlockJUnit4ClassRunner.runChild(BlockJUnit4ClassRunner.java:48)
	at org.junit.runners.ParentRunner$3.run(ParentRunner.java:231)
	at org.junit.runners.ParentRunner$1.schedule(ParentRunner.java:60)
	at org.junit.runners.ParentRunner.runChildren(ParentRunner.java:229)
	at org.junit.runners.ParentRunner.access$000(ParentRunner.java:50)
	at org.junit.runners.ParentRunner$2.evaluate(ParentRunner.java:222)
	at org.junit.runners.ParentRunner.run(ParentRunner.java:292)
	at org.apache.maven.surefire.junit4.JUnit4TestSet.execute(JUnit4TestSet.java:35)
	at org.apache.maven.surefire.junit4.JUnit4Provider.executeTestSet(JUnit4Provider.java:115)
	at org.apache.maven.surefire.junit4.JUnit4Provider.invoke(JUnit4Provider.java:97)
	at sun.reflect.NativeMethodAccessorImpl.invoke0(Native Method)
	at sun.reflect.NativeMethodAccessorImpl.invoke(NativeMethodAccessorImpl.java:39)
	at sun.reflect.DelegatingMethodAccessorImpl.invoke(DelegatingMethodAccessorImpl.java:25)
	at java.lang.reflect.Method.invoke(Method.java:597)
	at org.apache.maven.surefire.booter.ProviderFactory$ClassLoaderProxy.invoke(ProviderFactory.java:103)
	at $Proxy0.invoke(Unknown Source)
	at org.apache.maven.surefire.booter.SurefireStarter.invokeProvider(SurefireStarter.java:150)
	at org.apache.maven.surefire.booter.SurefireStarter.runSuitesInProcess(SurefireStarter.java:91)
	at org.apache.maven.surefire.booter.ForkedBooter.main(ForkedBooter.java:69)
</error>
    <system-out>14:28:04,125 INFO  [EvaluateStatement] Executing script src/test/resources/org/databene/benerator/engine/transcode/createTables.sql
14:28:04,126 INFO  [JDBC] Connected to HSQL Database Engine 1.8.0
14:28:04,126 INFO  [JDBC] Using driver HSQL Database Engine Driver 1.8.0
14:28:04,126 INFO  [JDBC] JDBC version 3.0
14:28:04,128 INFO  [EvaluateStatement] Executing script src/test/resources/org/databene/benerator/engine/transcode/createTables.sql
14:28:04,129 INFO  [JDBC] Connected to HSQL Database Engine 1.8.0
14:28:04,129 INFO  [JDBC] Using driver HSQL Database Engine Driver 1.8.0
14:28:04,129 INFO  [JDBC] JDBC version 3.0
14:28:04,135 INFO  [EvaluateStatement] Executing inline script
14:28:04,140 INFO  [JDBCDBImporter] Importing tables from ___temp
14:28:04,141 WARN  [JDBCDBImporter] Table name is a reserved word: USER
14:28:04,142 INFO  [DBSystem] Fetching table details and ordering tables by dependency
14:28:04,155 INFO  [JDBCDBImporter] Importing tables from ___temp
14:28:04,156 WARN  [JDBCDBImporter] Table name is a reserved word: USER
14:28:04,156 INFO  [DBSystem] Fetching table details and ordering tables by dependency
14:28:04,166 INFO  [TranscodeStatement] Starting transcoding of country from s to t
14:28:04,168 INFO  [TranscodeStatement] Finished transcoding 2 rows of table country
14:28:04,169 INFO  [TranscodeStatement] Starting transcoding of state from s to t
14:28:04,173 INFO  [TranscodeStatement] Finished transcoding 5 rows of table state
14:28:04,174 INFO  [PagedTaskRunner] Running task GenerateAndConsumeTask(COUNTRY) 
COUNTRY[ID=1, NAME=Germany]
14:28:04,176 INFO  [TimedGeneratorStatement] Created 1 data sets from &apos;country&apos; setup in 3 ms (333/s)
14:28:04,177 INFO  [PagedTaskRunner] Running task GenerateAndConsumeTask(STATE) 
STATE[ID=2, COUNTRY_FK=1, NAME=Bayern]
STATE[ID=3, COUNTRY_FK=1, NAME=Hamburg]
STATE[ID=4, COUNTRY_FK=[null], NAME=No State]
14:28:04,180 INFO  [TimedGeneratorStatement] Created 3 data sets from &apos;state&apos; setup in 4 ms (750/s)
</system-out>
  </testcase>
  <testcase time="0.067" classname="org.databene.benerator.engine.TranscodingIntegrationTest" name="testPartialTranscodeToNonEmptyTarget">
    <error type="java.lang.NullPointerException">java.lang.NullPointerException
	at org.databene.commons.FileUtil.getFileIgnoreCase(FileUtil.java:281)
	at org.databene.jdbacl.model.cache.CachingDBImporter.getCacheFile(CachingDBImporter.java:100)
	at org.databene.jdbacl.model.cache.CachingDBImporter.updateCacheFile(CachingDBImporter.java:131)
	at org.databene.platform.db.DBSystem.close(DBSystem.java:382)
	at org.databene.commons.IOUtil.close(IOUtil.java:72)
	at org.databene.benerator.engine.ResourceManagerSupport.close(ResourceManagerSupport.java:65)
	at org.databene.benerator.engine.DescriptorRunner.execute(DescriptorRunner.java:140)
	at org.databene.benerator.engine.DescriptorRunner.runWithoutShutdownHook(DescriptorRunner.java:116)
	at org.databene.benerator.engine.DescriptorRunner.run(DescriptorRunner.java:109)
	at org.databene.benerator.engine.TranscodingIntegrationTest.testPartialTranscodeToNonEmptyTarget(TranscodingIntegrationTest.java:147)
	at sun.reflect.NativeMethodAccessorImpl.invoke0(Native Method)
	at sun.reflect.NativeMethodAccessorImpl.invoke(NativeMethodAccessorImpl.java:39)
	at sun.reflect.DelegatingMethodAccessorImpl.invoke(DelegatingMethodAccessorImpl.java:25)
	at java.lang.reflect.Method.invoke(Method.java:597)
	at org.junit.runners.model.FrameworkMethod$1.runReflectiveCall(FrameworkMethod.java:44)
	at org.junit.internal.runners.model.ReflectiveCallable.run(ReflectiveCallable.java:15)
	at org.junit.runners.model.FrameworkMethod.invokeExplosively(FrameworkMethod.java:41)
	at org.junit.internal.runners.statements.InvokeMethod.evaluate(InvokeMethod.java:20)
	at org.junit.internal.runners.statements.RunBefores.evaluate(RunBefores.java:28)
	at org.junit.internal.runners.statements.RunAfters.evaluate(RunAfters.java:31)
	at org.junit.runners.ParentRunner.runLeaf(ParentRunner.java:263)
	at org.junit.runners.BlockJUnit4ClassRunner.runChild(BlockJUnit4ClassRunner.java:69)
	at org.junit.runners.BlockJUnit4ClassRunner.runChild(BlockJUnit4ClassRunner.java:48)
	at org.junit.runners.ParentRunner$3.run(ParentRunner.java:231)
	at org.junit.runners.ParentRunner$1.schedule(ParentRunner.java:60)
	at org.junit.runners.ParentRunner.runChildren(ParentRunner.java:229)
	at org.junit.runners.ParentRunner.access$000(ParentRunner.java:50)
	at org.junit.runners.ParentRunner$2.evaluate(ParentRunner.java:222)
	at org.junit.runners.ParentRunner.run(ParentRunner.java:292)
	at org.apache.maven.surefire.junit4.JUnit4TestSet.execute(JUnit4TestSet.java:35)
	at org.apache.maven.surefire.junit4.JUnit4Provider.executeTestSet(JUnit4Provider.java:115)
	at org.apache.maven.surefire.junit4.JUnit4Provider.invoke(JUnit4Provider.java:97)
	at sun.reflect.NativeMethodAccessorImpl.invoke0(Native Method)
	at sun.reflect.NativeMethodAccessorImpl.invoke(NativeMethodAccessorImpl.java:39)
	at sun.reflect.DelegatingMethodAccessorImpl.invoke(DelegatingMethodAccessorImpl.java:25)
	at java.lang.reflect.Method.invoke(Method.java:597)
	at org.apache.maven.surefire.booter.ProviderFactory$ClassLoaderProxy.invoke(ProviderFactory.java:103)
	at $Proxy0.invoke(Unknown Source)
	at org.apache.maven.surefire.booter.SurefireStarter.invokeProvider(SurefireStarter.java:150)
	at org.apache.maven.surefire.booter.SurefireStarter.runSuitesInProcess(SurefireStarter.java:91)
	at org.apache.maven.surefire.booter.ForkedBooter.main(ForkedBooter.java:69)
</error>
    <system-out>14:28:04,189 INFO  [EvaluateStatement] Executing script src/test/resources/org/databene/benerator/engine/transcode/createTables.sql
14:28:04,190 INFO  [JDBC] Connected to HSQL Database Engine 1.8.0
14:28:04,190 INFO  [JDBC] Using driver HSQL Database Engine Driver 1.8.0
14:28:04,190 INFO  [JDBC] JDBC version 3.0
14:28:04,194 INFO  [EvaluateStatement] Executing script src/test/resources/org/databene/benerator/engine/transcode/createTables.sql
14:28:04,194 INFO  [JDBC] Connected to HSQL Database Engine 1.8.0
14:28:04,194 INFO  [JDBC] Using driver HSQL Database Engine Driver 1.8.0
14:28:04,194 INFO  [JDBC] JDBC version 3.0
14:28:04,196 INFO  [EvaluateStatement] Executing inline script
14:28:04,198 INFO  [EvaluateStatement] Executing inline script
14:28:04,204 INFO  [JDBCDBImporter] Importing tables from ___temp
14:28:04,205 WARN  [JDBCDBImporter] Table name is a reserved word: USER
14:28:04,207 INFO  [DBSystem] Fetching table details and ordering tables by dependency
14:28:04,218 INFO  [JDBCDBImporter] Importing tables from ___temp
14:28:04,223 WARN  [JDBCDBImporter] Table name is a reserved word: USER
14:28:04,223 INFO  [DBSystem] Fetching table details and ordering tables by dependency
14:28:04,232 INFO  [TranscodeStatement] Starting transcoding of country from s to t
14:28:04,234 INFO  [TranscodeStatement] Finished transcoding 2 rows of table country
14:28:04,234 INFO  [TranscodeStatement] Starting transcoding of state from s to t
14:28:04,237 INFO  [TranscodeStatement] Finished transcoding 4 rows of table state
14:28:04,238 INFO  [PagedTaskRunner] Running task GenerateAndConsumeTask(COUNTRY) 
COUNTRY[ID=1, NAME=Germany]
COUNTRY[ID=10, NAME=United States]
14:28:04,244 INFO  [TimedGeneratorStatement] Created 2 data sets from &apos;country&apos; setup in 7 ms (285/s)
14:28:04,245 INFO  [PagedTaskRunner] Running task GenerateAndConsumeTask(STATE) 
STATE[ID=2, COUNTRY_FK=1, NAME=Bayern]
STATE[ID=3, COUNTRY_FK=1, NAME=Hamburg]
STATE[ID=110, COUNTRY_FK=10, NAME=California]
STATE[ID=120, COUNTRY_FK=10, NAME=Florida]
14:28:04,248 INFO  [TimedGeneratorStatement] Created 4 data sets from &apos;state&apos; setup in 4 ms (1000/s)
</system-out>
  </testcase>
  <testcase time="0.11" classname="org.databene.benerator.engine.TranscodingIntegrationTest" name="testPartialTranscodeWithCascade">
    <error type="java.lang.NullPointerException">java.lang.NullPointerException
	at org.databene.commons.FileUtil.getFileIgnoreCase(FileUtil.java:281)
	at org.databene.jdbacl.model.cache.CachingDBImporter.getCacheFile(CachingDBImporter.java:100)
	at org.databene.jdbacl.model.cache.CachingDBImporter.updateCacheFile(CachingDBImporter.java:131)
	at org.databene.platform.db.DBSystem.close(DBSystem.java:382)
	at org.databene.commons.IOUtil.close(IOUtil.java:72)
	at org.databene.benerator.engine.ResourceManagerSupport.close(ResourceManagerSupport.java:65)
	at org.databene.benerator.engine.DescriptorRunner.execute(DescriptorRunner.java:140)
	at org.databene.benerator.engine.DescriptorRunner.runWithoutShutdownHook(DescriptorRunner.java:116)
	at org.databene.benerator.engine.DescriptorRunner.run(DescriptorRunner.java:109)
	at org.databene.benerator.engine.TranscodingIntegrationTest.testPartialTranscodeWithCascade(TranscodingIntegrationTest.java:171)
	at sun.reflect.NativeMethodAccessorImpl.invoke0(Native Method)
	at sun.reflect.NativeMethodAccessorImpl.invoke(NativeMethodAccessorImpl.java:39)
	at sun.reflect.DelegatingMethodAccessorImpl.invoke(DelegatingMethodAccessorImpl.java:25)
	at java.lang.reflect.Method.invoke(Method.java:597)
	at org.junit.runners.model.FrameworkMethod$1.runReflectiveCall(FrameworkMethod.java:44)
	at org.junit.internal.runners.model.ReflectiveCallable.run(ReflectiveCallable.java:15)
	at org.junit.runners.model.FrameworkMethod.invokeExplosively(FrameworkMethod.java:41)
	at org.junit.internal.runners.statements.InvokeMethod.evaluate(InvokeMethod.java:20)
	at org.junit.internal.runners.statements.RunBefores.evaluate(RunBefores.java:28)
	at org.junit.internal.runners.statements.RunAfters.evaluate(RunAfters.java:31)
	at org.junit.runners.ParentRunner.runLeaf(ParentRunner.java:263)
	at org.junit.runners.BlockJUnit4ClassRunner.runChild(BlockJUnit4ClassRunner.java:69)
	at org.junit.runners.BlockJUnit4ClassRunner.runChild(BlockJUnit4ClassRunner.java:48)
	at org.junit.runners.ParentRunner$3.run(ParentRunner.java:231)
	at org.junit.runners.ParentRunner$1.schedule(ParentRunner.java:60)
	at org.junit.runners.ParentRunner.runChildren(ParentRunner.java:229)
	at org.junit.runners.ParentRunner.access$000(ParentRunner.java:50)
	at org.junit.runners.ParentRunner$2.evaluate(ParentRunner.java:222)
	at org.junit.runners.ParentRunner.run(ParentRunner.java:292)
	at org.apache.maven.surefire.junit4.JUnit4TestSet.execute(JUnit4TestSet.java:35)
	at org.apache.maven.surefire.junit4.JUnit4Provider.executeTestSet(JUnit4Provider.java:115)
	at org.apache.maven.surefire.junit4.JUnit4Provider.invoke(JUnit4Provider.java:97)
	at sun.reflect.NativeMethodAccessorImpl.invoke0(Native Method)
	at sun.reflect.NativeMethodAccessorImpl.invoke(NativeMethodAccessorImpl.java:39)
	at sun.reflect.DelegatingMethodAccessorImpl.invoke(DelegatingMethodAccessorImpl.java:25)
	at java.lang.reflect.Method.invoke(Method.java:597)
	at org.apache.maven.surefire.booter.ProviderFactory$ClassLoaderProxy.invoke(ProviderFactory.java:103)
	at $Proxy0.invoke(Unknown Source)
	at org.apache.maven.surefire.booter.SurefireStarter.invokeProvider(SurefireStarter.java:150)
	at org.apache.maven.surefire.booter.SurefireStarter.runSuitesInProcess(SurefireStarter.java:91)
	at org.apache.maven.surefire.booter.ForkedBooter.main(ForkedBooter.java:69)
</error>
    <system-out>14:28:04,257 INFO  [EvaluateStatement] Executing script src/test/resources/org/databene/benerator/engine/transcode/createTables.sql
14:28:04,258 INFO  [JDBC] Connected to HSQL Database Engine 1.8.0
14:28:04,258 INFO  [JDBC] Using driver HSQL Database Engine Driver 1.8.0
14:28:04,258 INFO  [JDBC] JDBC version 3.0
14:28:04,262 INFO  [EvaluateStatement] Executing script src/test/resources/org/databene/benerator/engine/transcode/createTables.sql
14:28:04,263 INFO  [JDBC] Connected to HSQL Database Engine 1.8.0
14:28:04,263 INFO  [JDBC] Using driver HSQL Database Engine Driver 1.8.0
14:28:04,263 INFO  [JDBC] JDBC version 3.0
14:28:04,265 INFO  [EvaluateStatement] Executing inline script
14:28:04,269 INFO  [JDBCDBImporter] Importing tables from ___temp
14:28:04,270 WARN  [JDBCDBImporter] Table name is a reserved word: USER
14:28:04,271 INFO  [DBSystem] Fetching table details and ordering tables by dependency
14:28:04,281 INFO  [JDBCDBImporter] Importing tables from ___temp
14:28:04,283 WARN  [JDBCDBImporter] Table name is a reserved word: USER
14:28:04,283 INFO  [DBSystem] Fetching table details and ordering tables by dependency
14:28:04,306 INFO  [TranscodeStatement] Starting transcoding of country from s to t
14:28:04,314 INFO  [TranscodeStatement] Finished transcoding 2 rows of table country
Countries:
14:28:04,326 INFO  [PagedTaskRunner] Running task GenerateAndConsumeTask(COUNTRY) 
COUNTRY[ID=1, NAME=Germany]
14:28:04,336 INFO  [TimedGeneratorStatement] Created 1 data sets from &apos;country&apos; setup in 21 ms (47/s)
States:
14:28:04,342 INFO  [PagedTaskRunner] Running task GenerateAndConsumeTask(STATE) 
STATE[ID=2, COUNTRY_FK=1, NAME=Bayern]
STATE[ID=5, COUNTRY_FK=1, NAME=Hamburg]
14:28:04,345 INFO  [TimedGeneratorStatement] Created 2 data sets from &apos;state&apos; setup in 8 ms (250/s)
Cities:
14:28:04,345 INFO  [PagedTaskRunner] Running task GenerateAndConsumeTask(CITY) 
CITY[ID=3, STATE_FK=2, NAME=München]
CITY[ID=4, STATE_FK=2, NAME=Ingolstadt]
14:28:04,353 INFO  [TimedGeneratorStatement] Created 2 data sets from &apos;city&apos; setup in 8 ms (250/s)
</system-out>
  </testcase>
</testsuite>